<?xml version="1.0" encoding="UTF-8"?>
<testng-results skipped="1" failed="0" ignored="0" total="7" passed="6">
  <reporter-output>
  </reporter-output>
  <suite name="frame" duration-ms="194160" started-at="2019-03-09T10:14:06Z" finished-at="2019-03-09T10:17:21Z">
    <groups>
    </groups>
    <test name="fametest" duration-ms="194160" started-at="2019-03-09T10:14:06Z" finished-at="2019-03-09T10:17:21Z">
      <class name="TestsPackage.HomePageTest">
        <test-method status="PASS" signature="login()[pri:0, instance:TestsPackage.HomePageTest@29774679]" name="login" is-config="true" duration-ms="32386" started-at="2019-03-09T15:44:44Z" finished-at="2019-03-09T15:45:16Z">
          <reporter-output>
          </reporter-output>
        </test-method> <!-- login -->
        <test-method status="PASS" signature="DealPageTest()[pri:0, instance:TestsPackage.HomePageTest@29774679]" name="DealPageTest" duration-ms="2519" started-at="2019-03-09T15:45:16Z" finished-at="2019-03-09T15:45:19Z">
          <reporter-output>
          </reporter-output>
        </test-method> <!-- DealPageTest -->
        <test-method status="PASS" signature="quit()[pri:0, instance:TestsPackage.HomePageTest@29774679]" name="quit" is-config="true" duration-ms="1317" started-at="2019-03-09T15:45:19Z" finished-at="2019-03-09T15:45:20Z">
          <reporter-output>
          </reporter-output>
        </test-method> <!-- quit -->
        <test-method status="PASS" signature="login()[pri:0, instance:TestsPackage.HomePageTest@29774679]" name="login" is-config="true" duration-ms="24909" started-at="2019-03-09T15:45:20Z" finished-at="2019-03-09T15:45:45Z">
          <reporter-output>
          </reporter-output>
        </test-method> <!-- login -->
        <test-method status="PASS" signature="ConpageTest()[pri:1, instance:TestsPackage.HomePageTest@29774679]" name="ConpageTest" duration-ms="2101" started-at="2019-03-09T15:45:45Z" finished-at="2019-03-09T15:45:47Z">
          <reporter-output>
          </reporter-output>
        </test-method> <!-- ConpageTest -->
        <test-method status="PASS" signature="quit()[pri:0, instance:TestsPackage.HomePageTest@29774679]" name="quit" is-config="true" duration-ms="1520" started-at="2019-03-09T15:45:47Z" finished-at="2019-03-09T15:45:49Z">
          <reporter-output>
          </reporter-output>
        </test-method> <!-- quit -->
        <test-method status="PASS" signature="login()[pri:0, instance:TestsPackage.HomePageTest@29774679]" name="login" is-config="true" duration-ms="31389" started-at="2019-03-09T15:46:14Z" finished-at="2019-03-09T15:46:46Z">
          <reporter-output>
          </reporter-output>
        </test-method> <!-- login -->
        <test-method status="PASS" signature="CalPageTest()[pri:2, instance:TestsPackage.HomePageTest@29774679]" name="CalPageTest" duration-ms="3878" started-at="2019-03-09T15:46:46Z" finished-at="2019-03-09T15:46:50Z">
          <reporter-output>
          </reporter-output>
        </test-method> <!-- CalPageTest -->
        <test-method status="PASS" signature="quit()[pri:0, instance:TestsPackage.HomePageTest@29774679]" name="quit" is-config="true" duration-ms="1628" started-at="2019-03-09T15:46:50Z" finished-at="2019-03-09T15:46:51Z">
          <reporter-output>
          </reporter-output>
        </test-method> <!-- quit -->
        <test-method status="PASS" signature="login()[pri:0, instance:TestsPackage.HomePageTest@29774679]" name="login" is-config="true" duration-ms="25070" started-at="2019-03-09T15:46:51Z" finished-at="2019-03-09T15:47:16Z">
          <reporter-output>
          </reporter-output>
        </test-method> <!-- login -->
        <test-method status="PASS" signature="ComPageTest()[pri:3, instance:TestsPackage.HomePageTest@29774679]" name="ComPageTest" duration-ms="2525" started-at="2019-03-09T15:47:16Z" finished-at="2019-03-09T15:47:19Z">
          <reporter-output>
          </reporter-output>
        </test-method> <!-- ComPageTest -->
        <test-method status="PASS" signature="quit()[pri:0, instance:TestsPackage.HomePageTest@29774679]" name="quit" is-config="true" duration-ms="1703" started-at="2019-03-09T15:47:19Z" finished-at="2019-03-09T15:47:21Z">
          <reporter-output>
          </reporter-output>
        </test-method> <!-- quit -->
      </class> <!-- TestsPackage.HomePageTest -->
      <class name="TestsPackage.NewContactPageTest">
        <test-method status="SKIP" signature="CreatingNewContactTest(java.lang.String, java.lang.String, java.lang.String, java.lang.String)[pri:0, instance:TestsPackage.NewContactPageTest@5e5792a0]" name="CreatingNewContactTest" duration-ms="0" started-at="2019-03-09T15:44:44Z" data-provider="data_fill" finished-at="2019-03-09T15:44:44Z">
          <exception class="java.lang.RuntimeException">
            <message>
              <![CDATA[java.lang.NullPointerException]]>
            </message>
            <full-stacktrace>
              <![CDATA[java.lang.RuntimeException: java.lang.NullPointerException
	at org.testng.internal.MethodInvocationHelper.invokeMethodNoCheckedException(MethodInvocationHelper.java:49)
	at org.testng.internal.MethodInvocationHelper.invokeDataProvider(MethodInvocationHelper.java:115)
	at org.testng.internal.Parameters.handleParameters(Parameters.java:509)
	at org.testng.internal.Invoker.handleParameters(Invoker.java:1308)
	at org.testng.internal.Invoker.createParameters(Invoker.java:1036)
	at org.testng.internal.Invoker.invokeTestMethods(Invoker.java:1126)
	at org.testng.internal.TestMethodWorker.invokeTestMethods(TestMethodWorker.java:126)
	at org.testng.internal.TestMethodWorker.run(TestMethodWorker.java:109)
	at org.testng.TestRunner.privateRun(TestRunner.java:744)
	at org.testng.TestRunner.run(TestRunner.java:602)
	at org.testng.SuiteRunner.runTest(SuiteRunner.java:380)
	at org.testng.SuiteRunner.runSequentially(SuiteRunner.java:375)
	at org.testng.SuiteRunner.privateRun(SuiteRunner.java:340)
	at org.testng.SuiteRunner.run(SuiteRunner.java:289)
	at org.testng.SuiteRunnerWorker.runSuite(SuiteRunnerWorker.java:52)
	at org.testng.SuiteRunnerWorker.run(SuiteRunnerWorker.java:86)
	at org.testng.TestNG.runSuitesSequentially(TestNG.java:1301)
	at org.testng.TestNG.runSuitesLocally(TestNG.java:1226)
	at org.testng.TestNG.runSuites(TestNG.java:1144)
	at org.testng.TestNG.run(TestNG.java:1115)
	at org.testng.remote.AbstractRemoteTestNG.run(AbstractRemoteTestNG.java:114)
	at org.testng.remote.RemoteTestNG.initAndRun(RemoteTestNG.java:251)
	at org.testng.remote.RemoteTestNG.main(RemoteTestNG.java:77)
Caused by: java.lang.NullPointerException
	at org.apache.poi.ss.usermodel.WorkbookFactory.create(WorkbookFactory.java:65)
	at util.TestUtil.Excel_Data(TestUtil.java:64)
	at TestsPackage.NewContactPageTest.data_fill(NewContactPageTest.java:46)
	at sun.reflect.NativeMethodAccessorImpl.invoke0(Native Method)
	at sun.reflect.NativeMethodAccessorImpl.invoke(NativeMethodAccessorImpl.java:62)
	at sun.reflect.DelegatingMethodAccessorImpl.invoke(DelegatingMethodAccessorImpl.java:43)
	at java.lang.reflect.Method.invoke(Method.java:498)
	at org.testng.internal.MethodInvocationHelper.invokeMethod(MethodInvocationHelper.java:108)
	at org.testng.internal.MethodInvocationHelper.invokeMethod(MethodInvocationHelper.java:55)
	at org.testng.internal.MethodInvocationHelper.invokeMethodNoCheckedException(MethodInvocationHelper.java:45)
	... 22 more
]]>
            </full-stacktrace>
          </exception> <!-- java.lang.RuntimeException -->
          <reporter-output>
          </reporter-output>
        </test-method> <!-- CreatingNewContactTest -->
      </class> <!-- TestsPackage.NewContactPageTest -->
      <class name="TestsPackage.ContactPageTest">
        <test-method status="PASS" signature="login()[pri:0, instance:TestsPackage.ContactPageTest@3ffc5af1]" name="login" is-config="true" duration-ms="23662" started-at="2019-03-09T15:45:49Z" finished-at="2019-03-09T15:46:13Z">
          <reporter-output>
          </reporter-output>
        </test-method> <!-- login -->
        <test-method status="PASS" signature="ConpageTest()[pri:1, instance:TestsPackage.ContactPageTest@3ffc5af1]" name="ConpageTest" duration-ms="1903" started-at="2019-03-09T15:46:13Z" finished-at="2019-03-09T15:46:14Z">
          <reporter-output>
          </reporter-output>
        </test-method> <!-- ConpageTest -->
      </class> <!-- TestsPackage.ContactPageTest -->
      <class name="TestsPackage.LoginPageTest">
        <test-method status="PASS" signature="url()[pri:0, instance:TestsPackage.LoginPageTest@61832929]" name="url" is-config="true" duration-ms="26377" started-at="2019-03-09T15:44:07Z" finished-at="2019-03-09T15:44:33Z">
          <reporter-output>
          </reporter-output>
        </test-method> <!-- url -->
        <test-method status="PASS" signature="login()[pri:0, instance:TestsPackage.LoginPageTest@61832929]" name="login" duration-ms="10969" started-at="2019-03-09T15:44:33Z" finished-at="2019-03-09T15:44:44Z">
          <reporter-output>
          </reporter-output>
        </test-method> <!-- login -->
      </class> <!-- TestsPackage.LoginPageTest -->
    </test> <!-- fametest -->
  </suite> <!-- frame -->
</testng-results>
